[debug] [2024-03-12T10:12:51.741Z] ----------------------------------------------------------------------
[debug] [2024-03-12T10:12:51.742Z] Command:       /usr/local/bin/firebase /Users/chintan/.cache/firebase/tools/lib/node_modules/firebase-tools/lib/bin/firebase init
[debug] [2024-03-12T10:12:51.742Z] CLI Version:   13.2.1
[debug] [2024-03-12T10:12:51.743Z] Platform:      darwin
[debug] [2024-03-12T10:12:51.743Z] Node Version:  v18.5.0
[debug] [2024-03-12T10:12:51.747Z] Time:          Tue Mar 12 2024 15:42:51 GMT+0530 (India Standard Time)
[debug] [2024-03-12T10:12:51.747Z] ----------------------------------------------------------------------
[debug] 
[debug] [2024-03-12T10:12:51.832Z] > command requires scopes: ["email","openid","https://www.googleapis.com/auth/cloudplatformprojects.readonly","https://www.googleapis.com/auth/firebase","https://www.googleapis.com/auth/cloud-platform"]
[debug] [2024-03-12T10:12:51.833Z] > authorizing via signed-in user (chintagediya227@gmail.com)
[info] 
     ######## #### ########  ######## ########     ###     ######  ########
     ##        ##  ##     ## ##       ##     ##  ##   ##  ##       ##
     ######    ##  ########  ######   ########  #########  ######  ######
     ##        ##  ##    ##  ##       ##     ## ##     ##       ## ##
     ##       #### ##     ## ######## ########  ##     ##  ######  ########

You're about to initialize a Firebase project in this directory:

  /Users/chintan/Chintan/ FLutter Projects/dashboard

Before we get started, keep in mind:

  * You are initializing within an existing Firebase project directory

[info] 
=== Project Setup
[info] 
[info] First, let's associate this project directory with a Firebase project.
[info] You can create multiple project aliases by running firebase use --add, 
[info] but for now we'll just set up a default project.
[info] 
[debug] [2024-03-12T10:13:08.941Z] >>> [apiv2][query] GET https://firebase.googleapis.com/v1beta1/projects pageSize=100
[debug] [2024-03-12T10:13:10.256Z] <<< [apiv2][status] GET https://firebase.googleapis.com/v1beta1/projects 200
[debug] [2024-03-12T10:13:10.258Z] <<< [apiv2][body] GET https://firebase.googleapis.com/v1beta1/projects [omitted]
[info] i  Using project wypeadmin (wype) 
[info] 
=== Hosting Setup
[debug] [2024-03-12T10:13:15.248Z] >>> [apiv2][query] GET https://firebase.googleapis.com/v1beta1/projects/wypeadmin [none]
[debug] [2024-03-12T10:13:16.183Z] <<< [apiv2][status] GET https://firebase.googleapis.com/v1beta1/projects/wypeadmin 200
[debug] [2024-03-12T10:13:16.186Z] <<< [apiv2][body] GET https://firebase.googleapis.com/v1beta1/projects/wypeadmin {"projectId":"wypeadmin","projectNumber":"228853359778","displayName":"wype","name":"projects/wypeadmin","resources":{"hostingSite":"wypeadmin","storageBucket":"wypeadmin.appspot.com","locationId":"us-central"},"state":"ACTIVE","etag":"1_2171aca8-c867-470e-bd22-42a8542091cd"}
[info] 
[info] Your public directory is the folder (relative to your project directory) that
[info] will contain Hosting assets to be uploaded with firebase deploy. If you
[info] have a build process for your assets, use your build's output directory.
[info] 
[debug] [2024-03-12T10:13:53.079Z] >>> [apiv2][query] GET https://www.gstatic.com/firebasejs/releases.json [none]
[debug] [2024-03-12T10:13:53.481Z] <<< [apiv2][status] GET https://www.gstatic.com/firebasejs/releases.json 200
[debug] [2024-03-12T10:13:53.482Z] <<< [apiv2][body] GET https://www.gstatic.com/firebasejs/releases.json {"current":{"version":"10.8.1","browserURL":"https://www.gstatic.com/firebasejs/10.8.1/firebase.js","packageURL":"https://www.gstatic.com/firebasejs/10.8.1/firebase.tgz"},"live":{"version":"10.8","browserURL":"https://www.gstatic.com/firebasejs/live/10.8/firebase.js","packageURL":"https://www.gstatic.com/firebasejs/live/10.8/firebase.tgz"},"components":{"analytics":"https://www.gstatic.com/firebasejs/10.8.1/firebase-analytics.js","app":"https://www.gstatic.com/firebasejs/10.8.1/firebase-app.js","app-check":"https://www.gstatic.com/firebasejs/10.8.1/firebase-app-check.js","auth":"https://www.gstatic.com/firebasejs/10.8.1/firebase-auth.js","auth/cordova":"https://www.gstatic.com/firebasejs/10.8.1/firebase-auth/cordova.js","auth/web-extension":"https://www.gstatic.com/firebasejs/10.8.1/firebase-auth/web-extension.js","functions":"https://www.gstatic.com/firebasejs/10.8.1/firebase-functions.js","firestore":"https://www.gstatic.com/firebasejs/10.8.1/firebase-firestore.js","firestore/lite":"https://www.gstatic.com/firebasejs/10.8.1/firebase-firestore/lite.js","installations":"https://www.gstatic.com/firebasejs/10.8.1/firebase-installations.js","storage":"https://www.gstatic.com/firebasejs/10.8.1/firebase-storage.js","performance":"https://www.gstatic.com/firebasejs/10.8.1/firebase-performance.js","remote-config":"https://www.gstatic.com/firebasejs/10.8.1/firebase-remote-config.js","messaging":"https://www.gstatic.com/firebasejs/10.8.1/firebase-messaging.js","messaging/sw":"https://www.gstatic.com/firebasejs/10.8.1/firebase-messaging/sw.js","database":"https://www.gstatic.com/firebasejs/10.8.1/firebase-database.js","firestore.memory":"https://www.gstatic.com/firebasejs/10.8.1/firebase-firestore.memory.js"}}
[info] ✔  Wrote chintan227/dashboard/index.html 
[info] 
[info] i  Detected a .git folder at /Users/chintan/Chintan/ FLutter Projects/dashboard 
[info] i  Authorizing with GitHub to upload your service account to a GitHub repository's secrets store. 
[info] 
[info] Visit this URL on this device to log in:
[info] https://github.com/login/oauth/authorize?client_id=89cf50f02ac6aaed3484&state=373901611&redirect_uri=http%3A%2F%2Flocalhost%3A9005&scope=read%3Auser%20repo%20public_repo
[info] 
[info] Waiting for authentication...
[debug] [2024-03-12T10:13:54.518Z] >>> [apiv2][query] POST https://github.com/login/oauth/access_token [none]
[debug] [2024-03-12T10:13:54.518Z] >>> [apiv2][body] POST https://github.com/login/oauth/access_token [stream]
[debug] [2024-03-12T10:13:55.298Z] <<< [apiv2][status] POST https://github.com/login/oauth/access_token 200
[debug] [2024-03-12T10:13:55.298Z] <<< [apiv2][body] POST https://github.com/login/oauth/access_token {"access_token":"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","token_type":"bearer","scope":"read:user,repo"}
[debug] [2024-03-12T10:13:55.318Z] >>> [apiv2][query] GET https://api.github.com/user [none]
[debug] [2024-03-12T10:13:56.094Z] <<< [apiv2][status] GET https://api.github.com/user 200
[debug] [2024-03-12T10:13:56.094Z] <<< [apiv2][body] GET https://api.github.com/user {"login":"chintan227","id":70699774,"node_id":"MDQ6VXNlcjcwNjk5Nzc0","avatar_url":"https://avatars.githubusercontent.com/u/70699774?v=4","gravatar_id":"","url":"https://api.github.com/users/chintan227","html_url":"https://github.com/chintan227","followers_url":"https://api.github.com/users/chintan227/followers","following_url":"https://api.github.com/users/chintan227/following{/other_user}","gists_url":"https://api.github.com/users/chintan227/gists{/gist_id}","starred_url":"https://api.github.com/users/chintan227/starred{/owner}{/repo}","subscriptions_url":"https://api.github.com/users/chintan227/subscriptions","organizations_url":"https://api.github.com/users/chintan227/orgs","repos_url":"https://api.github.com/users/chintan227/repos","events_url":"https://api.github.com/users/chintan227/events{/privacy}","received_events_url":"https://api.github.com/users/chintan227/received_events","type":"User","site_admin":false,"name":"Chintan_Gediya","company":null,"blog":"","location":null,"email":null,"hireable":null,"bio":null,"twitter_username":null,"public_repos":7,"public_gists":0,"followers":1,"following":2,"created_at":"2020-09-03T11:38:17Z","updated_at":"2024-03-10T06:03:26Z","private_gists":2,"total_private_repos":5,"owned_private_repos":5,"disk_usage":364153,"collaborators":0,"two_factor_authentication":false,"plan":{"name":"free","space":976562499,"collaborators":0,"private_repos":10000}}
[info] 
[info] ✔  Success! Logged into GitHub as chintan227 
[info] 
